2025-09-05 21:30:52,246 - INFO - Saved: data/raw/text\Main Page.txt
2025-09-05 21:30:53,774 - INFO - Saved: data/raw/text\Astronautics.txt
2025-09-05 21:30:55,215 - INFO - Saved: data/raw/text\2025 Afghanistan earthquake.txt
2025-09-05 21:30:56,652 - INFO - Skipped (too short): https://en.wikipedia.org/wiki/September_6
2025-09-05 21:30:56,711 - INFO - Saved: data/raw/text\Abdellah Liegeon.txt
2025-09-05 21:30:58,829 - INFO - Saved: data/raw/text\John Cage.txt
2025-09-05 21:31:00,620 - INFO - Saved: data/raw/text\Gaza war.txt
2025-09-05 21:31:02,694 - INFO - Saved: data/raw/text\Fa\u02bbatuatua i le Atua Samoa ua Tasi.txt
2025-09-05 21:31:04,169 - INFO - Saved: data/raw/text\1972.txt
2025-09-05 21:31:06,083 - INFO - Saved: data/raw/text\Episode 5408.txt
2025-09-05 21:31:07,840 - INFO - Saved: data/raw/text\2020 California wildfires.txt
2025-09-05 21:31:09,195 - INFO - Saved: data/raw/text\Wikimedia Foundation.txt
2025-09-05 21:31:10,735 - INFO - Saved: data/raw/text\Music theory.txt
2025-09-05 21:31:12,340 - INFO - Saved: data/raw/text\Coprosma foetidissima.txt
2025-09-05 21:31:14,488 - INFO - Saved: data/raw/text\Chris Hipkins.txt
2025-09-05 21:31:16,107 - INFO - Saved: data/raw/text\Don't Kill My Vibe.txt
2025-09-05 21:31:17,320 - INFO - Saved: data/raw/text\Avant-garde music.txt
2025-09-05 21:31:18,515 - INFO - Saved: data/raw/text\List of songs recorded by Sigrid.txt
2025-09-05 21:31:21,139 - INFO - Skipped (too short): https://en.wikipedia.org/wiki/Deaths_in_2025
2025-09-05 21:31:21,213 - INFO - Saved: data/raw/text\Pyrotechnics.txt
2025-09-05 21:31:22,955 - INFO - Saved: data/raw/text\Raytheon.txt
2025-09-05 21:31:25,317 - INFO - Saved: data/raw/text\Massachusetts Institute of Technology.txt
2025-09-05 21:31:27,067 - INFO - Saved: data/raw/text\Martin Sjølie.txt
2025-09-05 21:31:28,810 - INFO - Saved: data/raw/text\Lexington, Massachusetts.txt
2025-09-05 21:31:31,232 - INFO - Saved: data/raw/text\Extended technique.txt
2025-09-05 21:31:33,204 - INFO - Saved: data/raw/text\Parasitic ant.txt
2025-09-05 21:31:35,275 - INFO - Saved: data/raw/text\Monza Circuit.txt
2025-09-05 21:31:37,150 - INFO - Saved: data/raw/text\How to Let Go.txt
2025-09-05 21:31:38,765 - INFO - Saved: data/raw/text\Timeline of the Russian invasion of Ukraine (1 September 2025 – present).txt
2025-09-05 21:31:41,036 - INFO - Saved: data/raw/text\Nap Lajoie.txt
2025-09-05 21:31:43,117 - INFO - Saved: data/raw/text\Munich massacre.txt
2025-09-05 21:31:44,647 - INFO - Saved: data/raw/text\Modern dance.txt
2025-09-05 21:31:46,477 - INFO - Saved: data/raw/text\Leontyne Price discography.txt
2025-09-05 21:31:48,223 - INFO - Saved: data/raw/text\Indeterminacy (music).txt
2025-09-05 21:31:49,610 - INFO - Saved: data/raw/text\1774.txt
2025-09-05 21:31:51,483 - INFO - Saved: data/raw/text\West Germany.txt
2025-09-05 21:31:53,286 - INFO - Saved: data/raw/text\Grade I listed buildings in Coventry.txt
2025-09-05 21:31:55,539 - INFO - Saved: data/raw/text\Russian invasion of Ukraine.txt
2025-09-05 21:31:57,500 - INFO - Saved: data/raw/text\1905–06 New Brompton F.C. season.txt
2025-09-05 21:31:59,445 - INFO - Saved: data/raw/text\4\u203233\u2033.txt
2025-09-05 21:32:01,103 - INFO - Saved: data/raw/text\Aerospace engineering.txt
2025-09-05 21:32:02,590 - INFO - Saved: data/raw/text\Bring Me the Horizon.txt
2025-09-05 21:32:04,448 - INFO - Saved: data/raw/text\Parliament of the United Kingdom.txt
2025-09-05 21:32:06,058 - INFO - Saved: data/raw/text\Joseph Francis Shea.txt
2025-09-05 21:32:07,825 - INFO - Saved: data/raw/text\Saturn V.txt
2025-09-05 21:32:09,443 - INFO - Saved: data/raw/text\Sudanese civil war (2023–present).txt
2025-09-05 21:32:11,547 - INFO - Saved: data/raw/text\Encyclopedia.txt
2025-09-05 21:32:12,731 - INFO - Saved: data/raw/text\Carpenters' Hall.txt
2025-09-05 21:32:13,869 - INFO - Saved: data/raw/text\Lunar orbit rendezvous.txt
2025-09-05 21:32:16,037 - INFO - Saved: data/raw/text\Haiti at the 2022 Winter Olympics.txt
2025-09-05 21:32:18,419 - INFO - Skipped (too short): https://en.wikipedia.org/wiki/September_5
2025-09-05 21:32:18,578 - INFO - Saved: data/raw/text\Liu Yan (emperor).txt
2025-09-05 21:32:19,822 - INFO - Saved: data/raw/text\1970 Italian Grand Prix.txt
2025-09-05 21:32:21,052 - INFO - Saved: data/raw/text\Battle of Vrigne-Meuse.txt
2025-09-05 21:32:23,646 - INFO - Saved: data/raw/text\Wikipedia.txt
2025-09-05 21:32:25,869 - INFO - Saved: data/raw/text\Thirteen Colonies.txt
2025-09-05 21:32:27,370 - INFO - Saved: data/raw/text\2025 Samoan general election.txt
2025-09-05 21:32:28,731 - INFO - Saved: data/raw/text\Griff (singer).txt
2025-09-05 21:32:30,941 - INFO - Saved: data/raw/text\Munich.txt
2025-09-05 21:32:32,754 - INFO - Saved: data/raw/text\1972 Summer Olympics.txt
2025-09-05 21:32:34,231 - INFO - Saved: data/raw/text\Palestinians.txt
2025-09-05 21:32:36,120 - INFO - Saved: data/raw/text\First Continental Congress.txt
2025-09-05 21:32:38,265 - INFO - Saved: data/raw/text\Grammy Awards.txt
2025-09-05 21:32:40,106 - INFO - Saved: data/raw/text\HGM-25A Titan I.txt
2025-09-05 21:32:41,686 - INFO - Skipped (too short): https://en.wikipedia.org/wiki/917
2025-09-05 21:32:41,746 - INFO - Saved: data/raw/text\Anefo.txt
2025-09-05 21:32:43,096 - INFO - Saved: data/raw/text\Merce Cunningham.txt
2025-09-05 21:32:44,639 - INFO - Saved: data/raw/text\Zhanna Kolodub.txt
2025-09-05 21:32:46,057 - INFO - Saved: data/raw/text\Noonie Bao.txt
2025-09-05 21:32:47,340 - INFO - Saved: data/raw/text\Apollo 1.txt
2025-09-05 21:32:48,959 - INFO - Saved: data/raw/text\Giorgio Armani.txt
2025-09-05 21:32:50,176 - INFO - Saved: data/raw/text\Inertial navigation system.txt
2025-09-05 21:32:51,778 - INFO - Saved: data/raw/text\Sucker Punch (Sigrid album).txt
2025-09-05 21:32:53,602 - INFO - Skipped (too short): https://en.wikipedia.org/wiki/1970
2025-09-05 21:32:54,073 - INFO - Saved: data/raw/text\William Arthur Ganfield.txt
2025-09-05 21:32:55,879 - INFO - Saved: data/raw/text\Bell Labs.txt
2025-09-05 21:32:57,358 - INFO - Saved: data/raw/text\Richardson Viano.txt
2025-09-05 21:32:59,124 - INFO - Saved: data/raw/text\Cover version.txt
2025-09-05 21:33:01,029 - INFO - Saved: data/raw/text\NASA.txt
2025-09-05 21:33:02,754 - INFO - Saved: data/raw/text\Southern Han.txt
2025-09-05 21:33:04,623 - INFO - Saved: data/raw/text\Aeronautics.txt
2025-09-05 21:33:06,800 - INFO - Saved: data/raw/text\Kathleen O'Melia.txt
2025-09-05 21:33:08,540 - INFO - Saved: data/raw/text\Free content.txt
2025-09-05 21:33:10,467 - INFO - Saved: data/raw/text\Ascensor da Glória derailment.txt
2025-09-05 21:33:11,776 - INFO - Saved: data/raw/text\Fukushima Prefecture salient.txt
2025-09-05 21:33:13,071 - INFO - Saved: data/raw/text\Radar, Coast Defense, Mark I.txt
2025-09-05 21:33:15,932 - INFO - Saved: data/raw/text\International Space Station.txt
2025-09-05 21:33:17,426 - INFO - Saved: data/raw/text\Emily Warren.txt
2025-09-05 21:33:19,505 - INFO - Saved: data/raw/text\English language.txt
2025-09-05 21:33:21,580 - INFO - Saved: data/raw/text\Sylvester Sivertsen.txt
2025-09-05 21:33:23,143 - INFO - Saved: data/raw/text\Klaus Thunemann.txt
2025-09-05 21:33:25,219 - INFO - Saved: data/raw/text\Black September Organization.txt
2025-09-05 21:33:27,089 - INFO - Saved: data/raw/text\Lourdes Ambriz.txt
2025-09-05 21:33:29,410 - INFO - Skipped (too short): https://en.wikipedia.org/wiki/List_of_days_of_the_year
2025-09-05 21:33:29,543 - INFO - Saved: data/raw/text\Aurealis Award for Best Horror Novel.txt
2025-09-05 21:33:30,939 - INFO - Saved: data/raw/text\Oscar Holter.txt
2025-09-05 21:33:32,437 - INFO - Saved: data/raw/text\Murder of Claire Broadbridge.txt
2025-09-05 21:33:33,858 - INFO - Saved: data/raw/text\Main Page.txt
2025-09-05 21:33:35,680 - INFO - Saved: data/raw/text\Caroline Ailin.txt
2025-09-05 21:33:36,829 - INFO - Saved: data/raw/text\Benyamin Sueb.txt
2025-09-05 21:33:38,714 - INFO - Saved: data/raw/text\List of Seattle Kraken broadcasters.txt
2025-09-05 21:33:40,485 - INFO - Saved: data/raw/text\Jochen Rindt.txt
2025-09-05 21:33:41,906 - INFO - Saved: data/raw/text\Timeline of the Sudanese civil war (2025).txt
2025-09-05 21:33:43,541 - INFO - Saved: data/raw/text\Ascensor da Glória.txt
2025-09-05 21:33:45,423 - INFO - Saved: data/raw/text\Island Records.txt
2025-09-05 21:33:46,907 - INFO - Saved: data/raw/text\Sigrid (singer).txt
2025-09-05 21:33:48,300 - INFO - Saved: data/raw/text\Estela Molina.txt
2025-09-05 21:33:49,922 - INFO - Saved: data/raw/text\Intolerable Acts.txt
2025-09-05 21:33:51,048 - INFO - Saved: data/raw/text\Robert Diouf.txt
2025-09-05 21:33:53,517 - INFO - Saved: data/raw/text\Guangzhou.txt
2025-09-05 21:33:55,581 - INFO - Saved: data/raw/text\Intercontinental ballistic missile.txt
2025-09-05 21:33:57,255 - INFO - Saved: data/raw/text\E. Dale Jackson.txt
2025-09-05 21:33:58,567 - INFO - Saved: data/raw/text\Jell-O.txt
2025-09-05 21:34:00,068 - INFO - Skipped (too short): https://en.wikipedia.org/wiki/September_4
2025-09-05 21:34:00,178 - INFO - Saved: data/raw/text\Don't Kill My Vibe (EP).txt
2025-09-05 21:34:01,743 - INFO - Saved: data/raw/text\2020.txt
2025-09-05 21:34:03,124 - INFO - Saved: data/raw/text\El Dorado Fire.txt
2025-09-05 21:34:04,789 - INFO - Saved: data/raw/text\Electroacoustic music.txt
2025-09-05 21:34:06,784 - INFO - Saved: data/raw/text\Wernher von Braun.txt
2025-09-05 21:34:08,056 - INFO - Saved: data/raw/text\Systems engineering.txt
2025-09-05 21:34:10,048 - INFO - Saved: data/raw/text\Tsiolkovsky rocket equation.txt
2025-09-05 21:34:12,335 - INFO - Saved: data/raw/text\Applied science.txt
2025-09-05 21:34:14,242 - INFO - Saved: data/raw/text\Spacecraft propulsion.txt
2025-09-05 21:34:16,288 - INFO - Saved: data/raw/text\Aerospace.txt
2025-09-05 21:34:18,093 - INFO - Saved: data/raw/text\ISBN.txt
2025-09-05 21:34:19,884 - INFO - Saved: data/raw/text\Russian cosmism.txt
2025-09-05 21:34:21,425 - INFO - Saved: data/raw/text\Konstantin Tsiolkovsky.txt
2025-09-05 21:34:22,876 - INFO - Saved: data/raw/text\Low Earth orbit.txt
2025-09-05 21:34:24,911 - INFO - Saved: data/raw/text\Bioastronautics.txt
2025-09-05 21:34:26,731 - INFO - Saved: data/raw/text\Jules Verne.txt
2025-09-05 21:34:28,099 - INFO - Saved: data/raw/text\Rocket.txt
2025-09-05 21:34:29,618 - INFO - Saved: data/raw/text\Radiation.txt
2025-09-05 21:34:31,434 - INFO - Saved: data/raw/text\J.-H. Rosny aîné.txt
2025-09-05 21:34:33,362 - INFO - Saved: data/raw/text\Outer space.txt
2025-09-05 21:34:34,770 - INFO - Saved: data/raw/text\Rocket engine.txt
2025-09-05 21:34:36,962 - INFO - Saved: data/raw/text\Académie Goncourt.txt
2025-09-05 21:34:39,110 - INFO - Saved: data/raw/text\Space weather.txt
2025-09-05 21:34:41,127 - INFO - Saved: data/raw/text\V-2 rocket.txt
2025-09-05 21:34:43,653 - INFO - Saved: data/raw/text\Payload.txt
2025-09-05 21:34:45,030 - INFO - Saved: data/raw/text\Philosophiæ Naturalis Principia Mathematica.txt
2025-09-05 21:34:46,647 - INFO - Saved: data/raw/text\Robert H. Goddard.txt
2025-09-05 21:34:47,995 - INFO - Saved: data/raw/text\Outline of space science.txt
2025-09-05 21:34:50,264 - INFO - Saved: data/raw/text\Mike Gruntman.txt
2025-09-05 21:34:51,864 - INFO - Saved: data/raw/text\Hermann Oberth.txt
2025-09-05 21:34:53,838 - INFO - Saved: data/raw/text\Hubble Space Telescope.txt
2025-09-05 21:34:56,154 - INFO - Saved: data/raw/text\Outer space.txt
2025-09-05 21:34:57,638 - INFO - Saved: data/raw/text\Vacuum.txt
2025-09-05 21:34:59,481 - INFO - Saved: data/raw/text\Liquid-propellant rocket.txt
2025-09-05 21:35:01,561 - INFO - Saved: data/raw/text\Spaceflight.txt
2025-09-05 21:35:03,647 - INFO - Saved: data/raw/text\Space environment.txt
2025-09-05 21:35:05,497 - INFO - Saved: data/raw/text\Robert Esnault-Pelterie.txt
2025-09-05 21:35:07,707 - INFO - Saved: data/raw/text\Mechanical engineering.txt
2025-09-05 21:35:09,523 - INFO - Saved: data/raw/text\Sergei Korolev.txt
2025-09-05 21:35:11,194 - INFO - Saved: data/raw/text\Launch vehicle.txt
2025-09-05 21:35:13,308 - INFO - Saved: data/raw/text\H. G. Wells.txt
2025-09-05 21:35:15,190 - INFO - Saved: data/raw/text\Physics.txt
2025-09-05 21:35:17,555 - INFO - Saved: data/raw/text\Joseph-Louis Lagrange.txt
2025-09-05 21:35:19,973 - INFO - Saved: data/raw/text\French language.txt
2025-09-05 21:35:22,203 - INFO - Saved: data/raw/text\Orbit.txt
2025-09-05 21:35:24,464 - INFO - Saved: data/raw/text\French space program.txt
2025-09-05 21:35:25,845 - INFO - Saved: data/raw/text\Robert Esnault-Pelterie.txt
2025-09-05 21:35:27,738 - INFO - Saved: data/raw/text\Satellite.txt
2025-09-05 21:35:29,077 - INFO - Saved: data/raw/text\Orbital mechanics.txt
2025-09-05 21:35:30,704 - INFO - Saved: data/raw/text\Ary Abramovich Sternfeld.txt
2025-09-05 21:35:32,331 - INFO - Saved: data/raw/text\Spacecraft.txt
2025-09-05 21:35:33,987 - INFO - Saved: data/raw/text\Spacecraft design.txt
2025-09-05 21:35:35,200 - INFO - Saved: data/raw/text\Spacecraft attitude determination and control.txt
2025-09-05 21:35:36,975 - INFO - Saved: data/raw/text\Space Race.txt
2025-09-05 21:35:38,245 - INFO - Saved: data/raw/text\Frank Malina.txt
2025-09-05 21:35:40,049 - INFO - Saved: data/raw/text\Equation.txt
2025-09-05 21:35:41,885 - INFO - Saved: data/raw/text\STS-109.txt
2025-09-05 21:35:43,615 - INFO - Saved: data/raw/text\Isaac Newton.txt
2025-09-05 21:35:45,033 - INFO - Saved: data/raw/text\Atmosphere of Earth.txt
2025-09-05 21:35:46,628 - INFO - Saved: data/raw/text\Satellite.txt
2025-09-05 21:35:49,037 - INFO - Saved: data/raw/text\Leonhard Euler.txt
2025-09-05 21:35:50,411 - INFO - Saved: data/raw/text\Control engineering.txt
2025-09-05 21:35:52,775 - INFO - Saved: data/raw/text\Société astronomique de France.txt
2025-09-05 21:35:54,822 - INFO - Saved: data/raw/text\Van Allen radiation belt.txt
2025-09-05 21:35:56,901 - INFO - Saved: data/raw/text\Atmospheric entry.txt
2025-09-05 21:35:58,967 - INFO - Saved: data/raw/text\Earthquake.txt
2025-09-05 21:36:00,598 - INFO - Saved: data/raw/text\2016 Afghanistan earthquake.txt
2025-09-05 21:36:02,717 - INFO - Saved: data/raw/text\Afghanistan.txt
2025-09-05 21:36:04,280 - INFO - Saved: data/raw/text\Thrust fault.txt
2025-09-05 21:36:05,433 - INFO - Saved: data/raw/text\Modified Mercalli intensity scale.txt
2025-09-05 21:36:07,485 - INFO - Saved: data/raw/text\Afghan afghani.txt
2025-09-05 21:36:09,431 - INFO - Saved: data/raw/text\Chaman Fault.txt
2025-09-05 21:36:11,398 - INFO - Saved: data/raw/text\International Committee of the Red Cross.txt
2025-09-05 21:36:13,408 - INFO - Saved: data/raw/text\Daily Jang.txt
2025-09-05 21:36:15,266 - INFO - Saved: data/raw/text\Filippo Grandi.txt
2025-09-05 21:36:17,505 - INFO - Saved: data/raw/text\Radio Azadi.txt
2025-09-05 21:36:20,145 - INFO - Saved: data/raw/text\Durand Line.txt
2025-09-05 21:36:22,132 - INFO - Saved: data/raw/text\Nurgal District.txt
2025-09-05 21:36:24,280 - INFO - Saved: data/raw/text\CNA (TV network).txt
2025-09-05 21:36:26,106 - INFO - Saved: data/raw/text\Chawkay District.txt
2025-09-05 21:36:28,167 - INFO - Saved: data/raw/text\January 2022 Afghanistan earthquakes.txt
2025-09-05 21:36:29,790 - INFO - Saved: data/raw/text\2025 Afghan deportation from Iran.txt
2025-09-05 21:36:31,067 - INFO - Saved: data/raw/text\Laghman Province.txt
2025-09-05 21:36:32,405 - INFO - Saved: data/raw/text\Sirkanay District.txt
2025-09-05 21:36:34,195 - INFO - Saved: data/raw/text\Richard Bennett (UN).txt
2025-09-05 21:36:36,041 - INFO - Saved: data/raw/text\Al Jazeera Media Network.txt
2025-09-05 21:36:38,561 - INFO - Saved: data/raw/text\United States Geological Survey.txt
2025-09-05 21:36:40,476 - INFO - Saved: data/raw/text\Time in Afghanistan.txt
2025-09-05 21:36:42,854 - INFO - Saved: data/raw/text\Pakistan.txt
2025-09-05 21:36:45,015 - INFO - Saved: data/raw/text\Peshawar.txt
2025-09-05 21:36:46,813 - INFO - Saved: data/raw/text\December 2015 Hindu Kush earthquake.txt
2025-09-05 21:36:48,151 - INFO - Saved: data/raw/text\MSN.txt
2025-09-05 21:36:49,985 - INFO - Saved: data/raw/text\October 2009 Afghanistan earthquake.txt
2025-09-05 21:36:51,043 - INFO - Saved: data/raw/text\AKIpress News Agency.txt
2025-09-05 21:36:52,853 - INFO - Saved: data/raw/text\Intraplate deformation.txt
2025-09-05 21:36:54,688 - INFO - Saved: data/raw/text\Geology of the Himalayas.txt
2025-09-05 21:36:56,971 - INFO - Saved: data/raw/text\Afghan conflict.txt
2025-09-05 21:36:59,034 - INFO - Saved: data/raw/text\Transpression.txt
2025-09-05 21:37:00,864 - INFO - Saved: data/raw/text\Abbas Araghchi.txt
2025-09-05 21:37:01,989 - INFO - Saved: data/raw/text\Afghan Red Crescent Society.txt
2025-09-05 21:37:03,648 - INFO - Saved: data/raw/text\October 2015 Hindu Kush earthquake.txt
2025-09-05 21:37:05,779 - INFO - Saved: data/raw/text\Arabian plate.txt
2025-09-05 21:37:07,895 - INFO - Saved: data/raw/text\Epicenter.txt
2025-09-05 21:37:09,595 - INFO - Saved: data/raw/text\Deportation of undocumented Afghans from Pakistan.txt
2025-09-05 21:37:11,337 - INFO - Saved: data/raw/text\2025 Istanbul earthquake.txt
2025-09-05 21:37:13,125 - INFO - Saved: data/raw/text\Subduction.txt
2025-09-05 21:37:15,710 - INFO - Saved: data/raw/text\Vladimir Putin.txt
2025-09-05 21:37:17,322 - INFO - Saved: data/raw/text\Qatar Emiri Air Force.txt
2025-09-05 21:37:19,147 - INFO - Saved: data/raw/text\2013 Laghman earthquake.txt
2025-09-05 21:37:20,941 - INFO - Saved: data/raw/text\2024–25 Ethiopian earthquakes.txt
2025-09-05 21:37:22,974 - INFO - Saved: data/raw/text\June 2022 Afghanistan earthquake.txt
2025-09-05 21:37:24,977 - INFO - Saved: data/raw/text\Coordinated Universal Time.txt
2025-09-05 21:37:26,350 - INFO - Saved: data/raw/text\Save the Children.txt
2025-09-05 21:37:28,098 - INFO - Saved: data/raw/text\Nurgaram District.txt
2025-09-05 21:37:30,422 - INFO - Saved: data/raw/text\GEOSCOPE Observatory.txt
2025-09-05 21:37:31,612 - INFO - Saved: data/raw/text\United States Geological Survey.txt
2025-09-05 21:37:33,893 - INFO - Saved: data/raw/text\PAGER.txt
2025-09-05 21:37:35,778 - INFO - Saved: data/raw/text\Digital object identifier.txt
2025-09-05 21:37:37,654 - INFO - Saved: data/raw/text\Taliban.txt
2025-09-05 21:37:38,862 - INFO - Saved: data/raw/text\PubMed.txt
2025-09-05 21:37:40,195 - INFO - Saved: data/raw/text\Indian plate.txt
2025-09-05 21:37:42,239 - INFO - Saved: data/raw/text\Main Himalayan Thrust.txt
2025-09-05 21:37:44,368 - INFO - Saved: data/raw/text\International Federation of Red Cross and Red Crescent Societies.txt
2025-09-05 21:37:46,008 - INFO - Saved: data/raw/text\1983 Hindu Kush earthquake.txt
2025-09-05 21:37:48,535 - INFO - Saved: data/raw/text\Radio New Zealand.txt
2025-09-05 21:37:50,510 - INFO - Saved: data/raw/text\Doshisha University.txt
2025-09-05 21:37:52,209 - INFO - Saved: data/raw/text\Semantic Scholar.txt
2025-09-05 21:37:53,793 - INFO - Saved: data/raw/text\PubMed Central.txt
2025-09-05 21:37:55,208 - INFO - Saved: data/raw/text\France 24.txt
