[2025-09-05 19:31:33] === Speech Model Training Started ===
[2025-09-05 19:31:33] Creating required directories...
[2025-09-05 19:31:33] Checking audio processing capabilities...
[2025-09-05 19:31:34] FFmpeg found: ffmpeg version N-55702-g920046a
[ERROR] Missing required Python packages. Install with: pip install librosa torch torchaudio numpy
[2025-09-05 19:32:56] === Speech Model Training Started ===
[2025-09-05 19:32:56] Creating required directories...
[2025-09-05 19:32:56] Checking audio processing capabilities...
[2025-09-05 19:32:56] FFmpeg found: ffmpeg version N-55702-g920046a
[ERROR] Missing required Python packages. Install with: pip install librosa torch torchaudio numpy
[2025-09-05 19:34:13] === Speech Model Training Started ===
[2025-09-05 19:34:13] Creating required directories...
[2025-09-05 19:34:13] Checking audio processing capabilities...
[2025-09-05 19:34:13] FFmpeg found: ffmpeg version N-55702-g920046a
[ERROR] Missing required Python packages. Install with: pip install librosa torch torchaudio numpy
[2025-09-05 19:36:03] === Speech Model Training Started ===
[2025-09-05 19:36:03] Creating required directories...
[2025-09-05 19:36:03] Checking audio processing capabilities...
[2025-09-05 19:36:03] FFmpeg found: ffmpeg version N-55702-g920046a
[ERROR] Missing required Python packages. Install with: pip install librosa torch torchaudio numpy
[2025-09-05 19:36:06] === Speech Model Training Started ===
[2025-09-05 19:36:06] Creating required directories...
[2025-09-05 19:36:06] Checking audio processing capabilities...
[2025-09-05 19:36:06] FFmpeg found: ffmpeg version N-55702-g920046a
[ERROR] Missing required Python packages. Install with: pip install librosa torch torchaudio numpy
